<?xml version="1.0" encoding="utf-8"?><testsuites name="pytest tests"><testsuite name="pytest" errors="0" failures="0" skipped="0" tests="10" time="2.139" timestamp="2026-05-03T13:45:45.905194+00:00" hostname="agent-env-d1ae114c-1321-4fed-8ebe-d98647a6e3af"><testcase classname="tests.test_gate_api.TestHealthCheck" name="test_api_root" time="0.235" /><testcase classname="tests.test_gate_api.TestResidentsEndpoints" name="test_get_all_residents" time="0.125" /><testcase classname="tests.test_gate_api.TestResidentsEndpoints" name="test_get_specific_resident_res001" time="0.165" /><testcase classname="tests.test_gate_api.TestResidentsEndpoints" name="test_get_nonexistent_resident" time="0.149" /><testcase classname="tests.test_gate_api.TestResidentsEndpoints" name="test_create_resident_and_verify" time="0.264" /><testcase classname="tests.test_gate_api.TestResidentsEndpoints" name="test_update_resident" time="0.346" /><testcase classname="tests.test_gate_api.TestResidentsEndpoints" name="test_delete_resident" time="0.231" /><testcase classname="tests.test_gate_api.TestSyncEndpoint" name="test_sync_returns_all_residents" time="0.146" /><testcase classname="tests.test_gate_api.TestAccessLogs" name="test_create_access_log" time="0.124" /><testcase classname="tests.test_gate_api.TestAccessLogs" name="test_get_access_logs" time="0.187" /></testsuite></testsuites>